Using pre-set license
Built from '2020.3/staging' branch; Version is '2020.3.17f1 (a4537701e4ab) revision 10769271'; Using compiler version '192528614'; Build Type 'Release'
OS: 'Windows 10 Home; OS build 19043.1348; Version 2009; 64bit' Language: 'en' Physical Memory: 16257 MB
BatchMode: 1, IsHumanControllingUs: 0, StartBugReporterOnCrash: 0, Is64bit: 1, IsPro: 0

COMMAND LINE ARGUMENTS:
C:\Program Files\Unity\Hub\Editor\2020.3.17f1\Editor\Unity.exe
-adb2
-batchMode
-noUpm
-name
AssetImportWorker0
-projectPath
C:/Users/steve/Desktop/SLC semester 3/Game 311 - Network Programming/GroupProject
-logFile
Logs/AssetImportWorker0.log
-srvPort
52571
Successfully changed project path to: C:/Users/steve/Desktop/SLC semester 3/Game 311 - Network Programming/GroupProject
C:/Users/steve/Desktop/SLC semester 3/Game 311 - Network Programming/GroupProject
Using Asset Import Pipeline V2.
Refreshing native plugins compatible for Editor in 65.51 ms, found 2 plugins.
Preloading 0 native plugins for Editor in 0.00 ms.
Initialize engine version: 2020.3.17f1 (a4537701e4ab)
[Subsystems] Discovering subsystems at path C:/Program Files/Unity/Hub/Editor/2020.3.17f1/Editor/Data/Resources/UnitySubsystems
[Subsystems] Discovering subsystems at path C:/Users/steve/Desktop/SLC semester 3/Game 311 - Network Programming/GroupProject/Assets
GfxDevice: creating device client; threaded=0
Direct3D:
    Version:  Direct3D 11.0 [level 11.1]
    Renderer: Intel(R) HD Graphics 520 (ID=0x1916)
    Vendor:   
    VRAM:     8128 MB
    Driver:   21.20.16.4534
Initialize mono
Mono path[0] = 'C:/Program Files/Unity/Hub/Editor/2020.3.17f1/Editor/Data/Managed'
Mono path[1] = 'C:/Program Files/Unity/Hub/Editor/2020.3.17f1/Editor/Data/MonoBleedingEdge/lib/mono/unityjit'
Mono config path = 'C:/Program Files/Unity/Hub/Editor/2020.3.17f1/Editor/Data/MonoBleedingEdge/etc'
Using monoOptions --debugger-agent=transport=dt_socket,embedding=1,server=y,suspend=n,address=127.0.0.1:56700
Begin MonoManager ReloadAssembly
Registering precompiled unity dll's ...
Register platform support module: C:/Program Files/Unity/Hub/Editor/2020.3.17f1/Editor/Data/PlaybackEngines/WindowsStandaloneSupport/UnityEditor.WindowsStandalone.Extensions.dll
Registered in 0.003746 seconds.
Native extension for WindowsStandalone target not found
Refreshing native plugins compatible for Editor in 69.88 ms, found 2 plugins.
Preloading 0 native plugins for Editor in 0.00 ms.
Mono: successfully reloaded assembly
- Completed reload, in  2.109 seconds
Domain Reload Profiling:
	ReloadAssembly (2110ms)
		BeginReloadAssembly (104ms)
			ExecutionOrderSort (0ms)
			DisableScriptedObjects (0ms)
			BackupInstance (0ms)
			ReleaseScriptingObjects (0ms)
			CreateAndSetChildDomain (1ms)
		EndReloadAssembly (782ms)
			LoadAssemblies (99ms)
			RebuildTransferFunctionScriptingTraits (0ms)
			SetupTypeCache (295ms)
			ReleaseScriptCaches (0ms)
			RebuildScriptCaches (57ms)
			SetupLoadedEditorAssemblies (294ms)
				LogAssemblyErrors (0ms)
				InitializePlatformSupportModulesInManaged (6ms)
				SetLoadedEditorAssemblies (0ms)
				RefreshPlugins (70ms)
				BeforeProcessingInitializeOnLoad (24ms)
				ProcessInitializeOnLoadAttributes (139ms)
				ProcessInitializeOnLoadMethodAttributes (54ms)
				AfterProcessingInitializeOnLoad (0ms)
				EditorAssembliesLoaded (0ms)
			ExecutionOrderSort2 (0ms)
			AwakeInstancesAfterBackupRestoration (0ms)
Platform modules already initialized, skipping
Registering precompiled user dll's ...
Registered in 0.012607 seconds.
Begin MonoManager ReloadAssembly
Native extension for WindowsStandalone target not found
Refreshing native plugins compatible for Editor in 0.71 ms, found 2 plugins.
Preloading 0 native plugins for Editor in 0.00 ms.
Mono: successfully reloaded assembly
- Completed reload, in  1.875 seconds
Domain Reload Profiling:
	ReloadAssembly (1876ms)
		BeginReloadAssembly (263ms)
			ExecutionOrderSort (0ms)
			DisableScriptedObjects (7ms)
			BackupInstance (0ms)
			ReleaseScriptingObjects (0ms)
			CreateAndSetChildDomain (28ms)
		EndReloadAssembly (1508ms)
			LoadAssemblies (164ms)
			RebuildTransferFunctionScriptingTraits (0ms)
			SetupTypeCache (497ms)
			ReleaseScriptCaches (1ms)
			RebuildScriptCaches (81ms)
			SetupLoadedEditorAssemblies (632ms)
				LogAssemblyErrors (0ms)
				InitializePlatformSupportModulesInManaged (8ms)
				SetLoadedEditorAssemblies (1ms)
				RefreshPlugins (1ms)
				BeforeProcessingInitializeOnLoad (150ms)
				ProcessInitializeOnLoadAttributes (452ms)
				ProcessInitializeOnLoadMethodAttributes (10ms)
				AfterProcessingInitializeOnLoad (11ms)
				EditorAssembliesLoaded (0ms)
			ExecutionOrderSort2 (0ms)
			AwakeInstancesAfterBackupRestoration (9ms)
Platform modules already initialized, skipping
========================================================================
Worker process is ready to serve import requests
Launched and connected shader compiler UnityShaderCompiler.exe after 0.12 seconds
Refreshing native plugins compatible for Editor in 0.75 ms, found 2 plugins.
Preloading 0 native plugins for Editor in 0.00 ms.
Unloading 1680 Unused Serialized files (Serialized files now loaded: 0)
System memory in use before: 75.2 MB.
System memory in use after: 75.3 MB.

Unloading 24 unused Assets to reduce memory usage. Loaded Objects now: 2111.
Total: 5.942500 ms (FindLiveObjects: 0.649300 ms CreateObjectMapping: 0.239200 ms MarkObjects: 4.947800 ms  DeleteObjects: 0.094400 ms)

AssetImportParameters requested are different than current active one (requested -> active):
  custom:framework-win-MediaFoundation: 216162199b28c13a410421893ffa2e32 -> 
  custom:video-decoder-ogg-theora: a1e56fd34408186e4bbccfd4996cb3dc -> 
  custom:container-muxer-webm: aa71ff27fc2769a1b78a27578f13a17b -> 
  custom:container-demuxer-webm: 4f35f7cbe854078d1ac9338744f61a02 -> 
  custom:container-demuxer-ogg: 62fdf1f143b41e24485cea50d1cbac27 -> 
  custom:video-encoder-webm-vp8: eb34c28f22e8b96e1ab97ce403110664 -> 
  custom:video-codec-MediaFoundation-h265: 746d11721c4dcdbdad8f713fa42b33f4 -> 
  custom:video-decoder-webm-vp8: 9c59270c3fd7afecdb556c50c9e8de78 -> 
  custom:audio-decoder-ogg-vorbis: bf7c407c2cedff20999df2af8eb42d56 -> 
  custom:audio-encoder-webm-vorbis: bf7c407c2cedff20999df2af8eb42d56 -> 
========================================================================
Received Import Request.
  path: Assets/Materials/Blue.mat
  artifactKey: Guid(a346459d54863c2489ef67ed890637dd) Importer(815301076,1909f56bfc062723c751e8b465ee728b)
Start importing Assets/Materials/Blue.mat using Guid(a346459d54863c2489ef67ed890637dd) Importer(815301076,1909f56bfc062723c751e8b465ee728b)  -> (artifact id: 'c2a2dfc5b610faa5a6dbc93f53a05572') in 0.217236 seconds 
  Import took 0.220798 seconds .

========================================================================
Received Import Request.
  Time since last request: 0.000282 seconds.
  path: Assets/Materials/Pink_Black_Texture.png
  artifactKey: Guid(7ec8ab2ac8245421f921fe8bee2db0a7) Importer(815301076,1909f56bfc062723c751e8b465ee728b)
Start importing Assets/Materials/Pink_Black_Texture.png using Guid(7ec8ab2ac8245421f921fe8bee2db0a7) Importer(815301076,1909f56bfc062723c751e8b465ee728b)  -> (artifact id: '0020d944530c217af54a7371c2d8f037') in 0.071171 seconds 
  Import took 0.076773 seconds .

========================================================================
Received Import Request.
  Time since last request: 0.000253 seconds.
  path: Assets/Resources/PickupAmmoShotgun.prefab
  artifactKey: Guid(f63c0b459fd76144792bca76fd75aa66) Importer(815301076,1909f56bfc062723c751e8b465ee728b)
Start importing Assets/Resources/PickupAmmoShotgun.prefab using Guid(f63c0b459fd76144792bca76fd75aa66) Importer(815301076,1909f56bfc062723c751e8b465ee728b)  -> (artifact id: '7e10844f13475a8b5ad8088df9635588') in 0.090268 seconds 
  Import took 0.093952 seconds .

========================================================================
Received Import Request.
  Time since last request: 0.000248 seconds.
  path: Assets/Materials/reticleBlue.png
  artifactKey: Guid(fa68d4d43ad9542fd84327ce6edcc434) Importer(815301076,1909f56bfc062723c751e8b465ee728b)
Start importing Assets/Materials/reticleBlue.png using Guid(fa68d4d43ad9542fd84327ce6edcc434) Importer(815301076,1909f56bfc062723c751e8b465ee728b)  -> (artifact id: '4704b1100da148f14f2c4ef00bc58a78') in 0.033310 seconds 
  Import took 0.036641 seconds .

========================================================================
Received Import Request.
  Time since last request: 0.000306 seconds.
  path: Assets/Materials/RobotRampage_Pickup_Ammo-Material__RobotRampage_Bot_Texture_psd.mat
  artifactKey: Guid(d0c097ce106cbf54cbabd8da625e3518) Importer(815301076,1909f56bfc062723c751e8b465ee728b)
Start importing Assets/Materials/RobotRampage_Pickup_Ammo-Material__RobotRampage_Bot_Texture_psd.mat using Guid(d0c097ce106cbf54cbabd8da625e3518) Importer(815301076,1909f56bfc062723c751e8b465ee728b)  -> (artifact id: '836d13f5a463a6efab093947068cde36') in 0.030405 seconds 
  Import took 0.036473 seconds .

========================================================================
Received Import Request.
  Time since last request: 0.000300 seconds.
  path: Assets/Resources/BlueRobot.prefab
  artifactKey: Guid(dfdbe8e902e4c764986125cb5abd918c) Importer(815301076,1909f56bfc062723c751e8b465ee728b)
Start importing Assets/Resources/BlueRobot.prefab using Guid(dfdbe8e902e4c764986125cb5abd918c) Importer(815301076,1909f56bfc062723c751e8b465ee728b)  -> (artifact id: 'd3571b256bdbd1fa1ee130206fda1a6c') in 0.070153 seconds 
  Import took 0.076056 seconds .

========================================================================
Received Import Request.
  Time since last request: 0.000301 seconds.
  path: Assets/Materials/Pink_Grey_Texture.png
  artifactKey: Guid(e7506dc558c7c478e93518d35e86c2a2) Importer(815301076,1909f56bfc062723c751e8b465ee728b)
Start importing Assets/Materials/Pink_Grey_Texture.png using Guid(e7506dc558c7c478e93518d35e86c2a2) Importer(815301076,1909f56bfc062723c751e8b465ee728b)  -> (artifact id: '10dbd329ac5d55e32bd3301a456738dd') in 0.028907 seconds 
  Import took 0.034460 seconds .

========================================================================
Received Import Request.
  Time since last request: 0.000335 seconds.
  path: Assets/Materials/reticleRed.png
  artifactKey: Guid(b3daf93d6b200d5458e7fcc17819d7d0) Importer(815301076,1909f56bfc062723c751e8b465ee728b)
Start importing Assets/Materials/reticleRed.png using Guid(b3daf93d6b200d5458e7fcc17819d7d0) Importer(815301076,1909f56bfc062723c751e8b465ee728b)  -> (artifact id: '8cec357f130a78c2eee54e7377834ec1') in 0.032505 seconds 
  Import took 0.036476 seconds .

========================================================================
Received Import Request.
  Time since last request: 0.000282 seconds.
  path: Assets/Resources/PickupHealth.prefab
  artifactKey: Guid(f5e95b12a937f0d4995d12cf6a35495a) Importer(815301076,1909f56bfc062723c751e8b465ee728b)
Start importing Assets/Resources/PickupHealth.prefab using Guid(f5e95b12a937f0d4995d12cf6a35495a) Importer(815301076,1909f56bfc062723c751e8b465ee728b)  -> (artifact id: '2e6b4b04fac1a9d693c2d2365afea4cd') in 0.040713 seconds 
  Import took 0.047303 seconds .

========================================================================
Received Import Request.
  Time since last request: 0.000285 seconds.
  path: Assets/Materials/RobotRampage_Shotgun-Material.mat
  artifactKey: Guid(56c8cc44161de41648ec020366af201d) Importer(815301076,1909f56bfc062723c751e8b465ee728b)
Start importing Assets/Materials/RobotRampage_Shotgun-Material.mat using Guid(56c8cc44161de41648ec020366af201d) Importer(815301076,1909f56bfc062723c751e8b465ee728b)  -> (artifact id: '4b5a1e7ad57d95a9fe139174f7f7d955') in 0.026717 seconds 
  Import took 0.031177 seconds .

========================================================================
Received Import Request.
  Time since last request: 0.000293 seconds.
  path: Assets/Scenes/Battle/LightingData.asset
  artifactKey: Guid(41716b9fe70e64fffaef05b86310e431) Importer(815301076,1909f56bfc062723c751e8b465ee728b)
Start importing Assets/Scenes/Battle/LightingData.asset using Guid(41716b9fe70e64fffaef05b86310e431) Importer(815301076,1909f56bfc062723c751e8b465ee728b) Lighting data asset ‘LightingData’ is inconsistent because 2 files out of 10 are missing.  Please use Generate Lighting to rebuild the lighting data.

Lighting data asset ‘LightingData’ is incompatible with the current Unity version. Please use Generate Lighting to rebuild the lighting data.  Realtime Global Illumination cannot be used until the lighting data is rebuilt.

 -> (artifact id: 'e3dfc97050296d7307e791f92d89b760') in 0.047506 seconds 
  Import took 0.051362 seconds .

========================================================================
Received Import Request.
  Time since last request: 0.000285 seconds.
  path: Assets/Scenes/Battle/ReflectionProbe-0.exr
  artifactKey: Guid(8843582a4102c47ed9c3b5d8cb45337d) Importer(815301076,1909f56bfc062723c751e8b465ee728b)
Start importing Assets/Scenes/Battle/ReflectionProbe-0.exr using Guid(8843582a4102c47ed9c3b5d8cb45337d) Importer(815301076,1909f56bfc062723c751e8b465ee728b)  -> (artifact id: '4dda81aa111b37711e04efcb8e7489f2') in 0.098705 seconds 
  Import took 0.103329 seconds .

========================================================================
Received Import Request.
  Time since last request: 0.000253 seconds.
  path: Assets/Materials/Material.mat
  artifactKey: Guid(c36ad308e19b14e76a0d21e81574ea6d) Importer(815301076,1909f56bfc062723c751e8b465ee728b)
Start importing Assets/Materials/Material.mat using Guid(c36ad308e19b14e76a0d21e81574ea6d) Importer(815301076,1909f56bfc062723c751e8b465ee728b)  -> (artifact id: '6709a56dd1b8601fdf9ace06194fafef') in 0.028577 seconds 
  Import took 0.034681 seconds .

========================================================================
Received Import Request.
  Time since last request: 0.000148 seconds.
  path: Assets/Scenes/Battle/Lightmap-0_comp_light.exr
  artifactKey: Guid(0e9f22278ae0a488ab165b8f2aa67d71) Importer(815301076,1909f56bfc062723c751e8b465ee728b)
Start importing Assets/Scenes/Battle/Lightmap-0_comp_light.exr using Guid(0e9f22278ae0a488ab165b8f2aa67d71) Importer(815301076,1909f56bfc062723c751e8b465ee728b)  -> (artifact id: '211fe6a4aa2cff228cd6519ef490207a') in 0.046528 seconds 
  Import took 0.053168 seconds .

========================================================================
Received Import Request.
  Time since last request: 0.000297 seconds.
  path: Assets/Materials/heavy_data.ttf
  artifactKey: Guid(5d52dd308caf6a649b1ad0dbbbac37b3) Importer(815301076,1909f56bfc062723c751e8b465ee728b)
Start importing Assets/Materials/heavy_data.ttf using Guid(5d52dd308caf6a649b1ad0dbbbac37b3) Importer(815301076,1909f56bfc062723c751e8b465ee728b)  -> (artifact id: '05d071d0a4dc970782fbdfc3d08e82c0') in 0.160812 seconds 
  Import took 0.168921 seconds .

========================================================================
Received Import Request.
  Time since last request: 0.000324 seconds.
  path: Assets/Scenes/Battle/NavMesh.asset
  artifactKey: Guid(13795cb9fbd094d439824f0929f10222) Importer(815301076,1909f56bfc062723c751e8b465ee728b)
Start importing Assets/Scenes/Battle/NavMesh.asset using Guid(13795cb9fbd094d439824f0929f10222) Importer(815301076,1909f56bfc062723c751e8b465ee728b)  -> (artifact id: '7897898627b954e44ea1a7d858ffc3ab') in 0.015757 seconds 
  Import took 0.032444 seconds .

========================================================================
Received Import Request.
  Time since last request: 0.000404 seconds.
  path: Assets/Resources/YellowRobot.prefab
  artifactKey: Guid(d46c9d37ec808be45be665aeadd68629) Importer(815301076,1909f56bfc062723c751e8b465ee728b)
Start importing Assets/Resources/YellowRobot.prefab using Guid(d46c9d37ec808be45be665aeadd68629) Importer(815301076,1909f56bfc062723c751e8b465ee728b)  -> (artifact id: '58793741b4c2986515cbe2bdbe8e0289') in 0.081090 seconds 
  Import took 0.087703 seconds .

========================================================================
Received Import Request.
  Time since last request: 0.000261 seconds.
  path: Assets/Materials/RobotRampage_AssaultRifle-Material__RobotRampage_Bot_Texture_psd.mat
  artifactKey: Guid(106c57e8b715046efa0019d9aee120f1) Importer(815301076,1909f56bfc062723c751e8b465ee728b)
Start importing Assets/Materials/RobotRampage_AssaultRifle-Material__RobotRampage_Bot_Texture_psd.mat using Guid(106c57e8b715046efa0019d9aee120f1) Importer(815301076,1909f56bfc062723c751e8b465ee728b)  -> (artifact id: 'f313f9e8cead1ced255005812ed33252') in 0.132980 seconds 
  Import took 0.144515 seconds .

========================================================================
Received Import Request.
  Time since last request: 0.000299 seconds.
  path: Assets/Materials/Yellow.mat
  artifactKey: Guid(a2d8e5b65dcd1f846aaf608ef27d4b99) Importer(815301076,1909f56bfc062723c751e8b465ee728b)
Start importing Assets/Materials/Yellow.mat using Guid(a2d8e5b65dcd1f846aaf608ef27d4b99) Importer(815301076,1909f56bfc062723c751e8b465ee728b)  -> (artifact id: 'fac87e389797bdb7a1b0de788fea8152') in 0.060742 seconds 
  Import took 0.069751 seconds .

========================================================================
Received Import Request.
  Time since last request: 0.002204 seconds.
  path: Assets/Resources/InnerWalls.prefab
  artifactKey: Guid(ec09944350e836e4b9fd8036a82f1c6f) Importer(815301076,1909f56bfc062723c751e8b465ee728b)
Start importing Assets/Resources/InnerWalls.prefab using Guid(ec09944350e836e4b9fd8036a82f1c6f) Importer(815301076,1909f56bfc062723c751e8b465ee728b)  -> (artifact id: '3ea53e5f007d815fdb698b9c009565cd') in 0.071039 seconds 
  Import took 0.077436 seconds .

========================================================================
Received Import Request.
  Time since last request: 0.000376 seconds.
  path: Assets/Materials/Main_Material__RobotRampage_Bot_Texture_psd.mat
  artifactKey: Guid(f08c9b1b6ce224f7ab873c518191ac39) Importer(815301076,1909f56bfc062723c751e8b465ee728b)
Start importing Assets/Materials/Main_Material__RobotRampage_Bot_Texture_psd.mat using Guid(f08c9b1b6ce224f7ab873c518191ac39) Importer(815301076,1909f56bfc062723c751e8b465ee728b)  -> (artifact id: '7d9b07dd62a0662a77a24e7e48a429cf') in 0.022662 seconds 
  Import took 0.032901 seconds .

========================================================================
Received Import Request.
  Time since last request: 0.000292 seconds.
  path: Assets/Resources/RobotMissileYellow.prefab
  artifactKey: Guid(b01d0670dae754544a163a4b6932d91b) Importer(815301076,1909f56bfc062723c751e8b465ee728b)
Start importing Assets/Resources/RobotMissileYellow.prefab using Guid(b01d0670dae754544a163a4b6932d91b) Importer(815301076,1909f56bfc062723c751e8b465ee728b)  -> (artifact id: '7a1f800ad6cbfb229ba399bb3072bd20') in 0.054071 seconds 
  Import took 0.078076 seconds .

========================================================================
Received Import Request.
  Time since last request: 0.000852 seconds.
  path: Assets/Resources/RedRobot.prefab
  artifactKey: Guid(a6274e245433be044b0df9ffc907c5ed) Importer(815301076,1909f56bfc062723c751e8b465ee728b)
Start importing Assets/Resources/RedRobot.prefab using Guid(a6274e245433be044b0df9ffc907c5ed) Importer(815301076,1909f56bfc062723c751e8b465ee728b)  -> (artifact id: 'f6ae7a1c36380f07ac0cf4a6e6c1f602') in 0.059560 seconds 
  Import took 0.064700 seconds .

========================================================================
Received Import Request.
  Time since last request: 0.000490 seconds.
  path: Assets/Resources/RobotMissileRed.prefab
  artifactKey: Guid(1eb0807ae2a745243ab50bbbf626a2f6) Importer(815301076,1909f56bfc062723c751e8b465ee728b)
Start importing Assets/Resources/RobotMissileRed.prefab using Guid(1eb0807ae2a745243ab50bbbf626a2f6) Importer(815301076,1909f56bfc062723c751e8b465ee728b)  -> (artifact id: '0a41cd5e37bd448196fe9c90b3a6073f') in 0.033497 seconds 
  Import took 0.040254 seconds .

========================================================================
Received Import Request.
  Time since last request: 0.000496 seconds.
  path: Assets/Materials/Material__RobotRampage_Bot_Texture_psd.mat
  artifactKey: Guid(3c2a6c2fb997c46728633c70ec84999a) Importer(815301076,1909f56bfc062723c751e8b465ee728b)
Start importing Assets/Materials/Material__RobotRampage_Bot_Texture_psd.mat using Guid(3c2a6c2fb997c46728633c70ec84999a) Importer(815301076,1909f56bfc062723c751e8b465ee728b)  -> (artifact id: '0673101981c8413646fc93d5f14bf0bb') in 0.022652 seconds 
  Import took 0.028948 seconds .

========================================================================
Received Import Request.
  Time since last request: 0.000342 seconds.
  path: Assets/Materials/reticleYellow.png
  artifactKey: Guid(51ba2988aa8374e83a9e36c552ffc337) Importer(815301076,1909f56bfc062723c751e8b465ee728b)
Start importing Assets/Materials/reticleYellow.png using Guid(51ba2988aa8374e83a9e36c552ffc337) Importer(815301076,1909f56bfc062723c751e8b465ee728b)  -> (artifact id: 'cd345764e790af724f38f2f700808234') in 0.031646 seconds 
  Import took 0.037276 seconds .

========================================================================
Received Import Request.
  Time since last request: 0.000328 seconds.
  path: Assets/Materials/Main_Material.mat
  artifactKey: Guid(59f19f2b3b0424574bcf156e2c6ec425) Importer(815301076,1909f56bfc062723c751e8b465ee728b)
Start importing Assets/Materials/Main_Material.mat using Guid(59f19f2b3b0424574bcf156e2c6ec425) Importer(815301076,1909f56bfc062723c751e8b465ee728b)  -> (artifact id: 'ee41bb1eb2d3712cde0473f04cd7e42b') in 0.024778 seconds 
  Import took 0.030815 seconds .

========================================================================
Received Import Request.
  Time since last request: 0.000327 seconds.
  path: Assets/Materials/RobotRampage_Bot_Texture.mat
  artifactKey: Guid(4ccd3e09db1b94e769fdb243fd44ab27) Importer(815301076,1909f56bfc062723c751e8b465ee728b)
Start importing Assets/Materials/RobotRampage_Bot_Texture.mat using Guid(4ccd3e09db1b94e769fdb243fd44ab27) Importer(815301076,1909f56bfc062723c751e8b465ee728b)  -> (artifact id: '47654efbe9a52070f6857054f65401f3') in 0.027734 seconds 
  Import took 0.031897 seconds .

========================================================================
Received Import Request.
  Time since last request: 0.000273 seconds.
  path: Assets/Materials/Red.mat
  artifactKey: Guid(5af3c5cdecf75c54b8145c1a7ee19aec) Importer(815301076,1909f56bfc062723c751e8b465ee728b)
Start importing Assets/Materials/Red.mat using Guid(5af3c5cdecf75c54b8145c1a7ee19aec) Importer(815301076,1909f56bfc062723c751e8b465ee728b)  -> (artifact id: '734aa3d3279108eeca80b46895016264') in 0.027950 seconds 
  Import took 0.032505 seconds .

========================================================================
Received Import Request.
  Time since last request: 0.000284 seconds.
  path: Assets/Materials/RobotRampage_Bot_TextureBlue.mat
  artifactKey: Guid(dd1d697d128e746deb1cab02a543123b) Importer(815301076,1909f56bfc062723c751e8b465ee728b)
Start importing Assets/Materials/RobotRampage_Bot_TextureBlue.mat using Guid(dd1d697d128e746deb1cab02a543123b) Importer(815301076,1909f56bfc062723c751e8b465ee728b)  -> (artifact id: '3b56011bbfdecc981f0ab518db76bccf') in 0.026423 seconds 
  Import took 0.031431 seconds .

========================================================================
Received Import Request.
  Time since last request: 0.000272 seconds.
  path: Assets/Resources/PickupArmor.prefab
  artifactKey: Guid(ad56adbfc10cea94ab0f1c6d3abdf578) Importer(815301076,1909f56bfc062723c751e8b465ee728b)
Start importing Assets/Resources/PickupArmor.prefab using Guid(ad56adbfc10cea94ab0f1c6d3abdf578) Importer(815301076,1909f56bfc062723c751e8b465ee728b)  -> (artifact id: '22adc8bb4bfe99155d4f155f20b719f6') in 0.032644 seconds 
  Import took 0.038282 seconds .

========================================================================
Received Import Request.
  Time since last request: 0.000299 seconds.
  path: Assets/Materials/RobotRampage_AssaultRifle-Material.mat
  artifactKey: Guid(09a1a8d837784449e87a29a2cb9ded36) Importer(815301076,1909f56bfc062723c751e8b465ee728b)
Start importing Assets/Materials/RobotRampage_AssaultRifle-Material.mat using Guid(09a1a8d837784449e87a29a2cb9ded36) Importer(815301076,1909f56bfc062723c751e8b465ee728b)  -> (artifact id: '9caa1556e7f8ce8cf5498814e224152e') in 0.024850 seconds 
  Import took 0.030364 seconds .

========================================================================
Received Import Request.
  Time since last request: 0.000101 seconds.
  path: Assets/Resources/RobotRampageTitle.prefab
  artifactKey: Guid(3c3824acc2aa69f4b892c604ccf56166) Importer(815301076,1909f56bfc062723c751e8b465ee728b)
Start importing Assets/Resources/RobotRampageTitle.prefab using Guid(3c3824acc2aa69f4b892c604ccf56166) Importer(815301076,1909f56bfc062723c751e8b465ee728b)  -> (artifact id: 'e933b7d13ffe1ba16422d1d9f008a4e9') in 0.035592 seconds 
  Import took 0.044866 seconds .

========================================================================
Received Import Request.
  Time since last request: 0.000260 seconds.
  path: Assets/Resources/Teleporter.prefab
  artifactKey: Guid(ef92121b8b2e99d4480871066fe2ef02) Importer(815301076,1909f56bfc062723c751e8b465ee728b)
Start importing Assets/Resources/Teleporter.prefab using Guid(ef92121b8b2e99d4480871066fe2ef02) Importer(815301076,1909f56bfc062723c751e8b465ee728b)  -> (artifact id: 'de54ef712a32d0f5b14ea19f3026e0eb') in 0.056449 seconds 
  Import took 0.062589 seconds .

========================================================================
Received Import Request.
  Time since last request: 0.000273 seconds.
  path: Assets/Resources/PickupAmmoPistol.prefab
  artifactKey: Guid(940aaf910dbb38a48b630d4a7f743587) Importer(815301076,1909f56bfc062723c751e8b465ee728b)
Start importing Assets/Resources/PickupAmmoPistol.prefab using Guid(940aaf910dbb38a48b630d4a7f743587) Importer(815301076,1909f56bfc062723c751e8b465ee728b)  -> (artifact id: 'b91eaca67e7c9053d37df2b59b325e9b') in 0.043137 seconds 
  Import took 0.048192 seconds .

========================================================================
Received Import Request.
  Time since last request: 0.000307 seconds.
  path: Assets/Materials/Pink_Texture.png
  artifactKey: Guid(080e2ee3e94e44e5fb927dd38d8812ad) Importer(815301076,1909f56bfc062723c751e8b465ee728b)
Start importing Assets/Materials/Pink_Texture.png using Guid(080e2ee3e94e44e5fb927dd38d8812ad) Importer(815301076,1909f56bfc062723c751e8b465ee728b)  -> (artifact id: '0c4545cb5fd07604a01e7bd33275ddc5') in 0.026322 seconds 
  Import took 0.030960 seconds .

========================================================================
Received Import Request.
  Time since last request: 0.000285 seconds.
  path: Assets/Materials/RobotRampage_Pickup_Ammo-Material.mat
  artifactKey: Guid(a35392580f3f2344280e4493d5c01911) Importer(815301076,1909f56bfc062723c751e8b465ee728b)
Start importing Assets/Materials/RobotRampage_Pickup_Ammo-Material.mat using Guid(a35392580f3f2344280e4493d5c01911) Importer(815301076,1909f56bfc062723c751e8b465ee728b)  -> (artifact id: 'a35175a9856d6052772d044531e3e838') in 0.027935 seconds 
  Import took 0.033016 seconds .

========================================================================
Received Import Request.
  Time since last request: 0.000085 seconds.
  path: Assets/Materials/RobotRampage_Bot_TextureYellow.mat
  artifactKey: Guid(c62aa3ad5ee0547eabb5dfc2a0af36f9) Importer(815301076,1909f56bfc062723c751e8b465ee728b)
Start importing Assets/Materials/RobotRampage_Bot_TextureYellow.mat using Guid(c62aa3ad5ee0547eabb5dfc2a0af36f9) Importer(815301076,1909f56bfc062723c751e8b465ee728b)  -> (artifact id: '053c866aa4f2c81cb742132c3cb23607') in 0.037176 seconds 
  Import took 0.043728 seconds .

========================================================================
Received Import Request.
  Time since last request: 0.000324 seconds.
  path: Assets/Materials/RobotRampage_Pickup_Ammo1-Material.mat
  artifactKey: Guid(f74d99dba571d4962aad93244bc9fa1a) Importer(815301076,1909f56bfc062723c751e8b465ee728b)
Start importing Assets/Materials/RobotRampage_Pickup_Ammo1-Material.mat using Guid(f74d99dba571d4962aad93244bc9fa1a) Importer(815301076,1909f56bfc062723c751e8b465ee728b)  -> (artifact id: '72632bd0435a85b74ee136a3da602236') in 0.032116 seconds 
  Import took 0.041378 seconds .

========================================================================
Received Import Request.
  Time since last request: 0.000291 seconds.
  path: Assets/Resources/PickupSpawn.prefab
  artifactKey: Guid(8c935dd7034748149b64875ff68387b8) Importer(815301076,1909f56bfc062723c751e8b465ee728b)
Start importing Assets/Resources/PickupSpawn.prefab using Guid(8c935dd7034748149b64875ff68387b8) Importer(815301076,1909f56bfc062723c751e8b465ee728b)  -> (artifact id: '8530b8c1b22a2754b41fa1a7cc59a808') in 0.046747 seconds 
  Import took 0.057603 seconds .

========================================================================
Received Import Request.
  Time since last request: 0.000388 seconds.
  path: Assets/Materials/Box.png
  artifactKey: Guid(c87324f7bfbf049e49a76b0ab0f69000) Importer(815301076,1909f56bfc062723c751e8b465ee728b)
Start importing Assets/Materials/Box.png using Guid(c87324f7bfbf049e49a76b0ab0f69000) Importer(815301076,1909f56bfc062723c751e8b465ee728b)  -> (artifact id: 'b027fc2e97bda1a281abf1c3cc0e36b1') in 0.046160 seconds 
  Import took 0.051175 seconds .

========================================================================
Received Import Request.
  Time since last request: 0.000257 seconds.
  path: Assets/Resources/RobotMissileBlue.prefab
  artifactKey: Guid(9976923b00f0fd34a98bc13985b75759) Importer(815301076,1909f56bfc062723c751e8b465ee728b)
Start importing Assets/Resources/RobotMissileBlue.prefab using Guid(9976923b00f0fd34a98bc13985b75759) Importer(815301076,1909f56bfc062723c751e8b465ee728b)  -> (artifact id: '33092a41163ce71fdcc1abf200d96656') in 0.038397 seconds 
  Import took 0.043486 seconds .

========================================================================
Received Import Request.
  Time since last request: 0.000269 seconds.
  path: Assets/Materials/RobotRampage_Pickup_Ammo1-Material__RobotRampage_Bot_Texture_psd.mat
  artifactKey: Guid(9b8450b8e9a2e43f5b9eac9fe61d3ccf) Importer(815301076,1909f56bfc062723c751e8b465ee728b)
Start importing Assets/Materials/RobotRampage_Pickup_Ammo1-Material__RobotRampage_Bot_Texture_psd.mat using Guid(9b8450b8e9a2e43f5b9eac9fe61d3ccf) Importer(815301076,1909f56bfc062723c751e8b465ee728b)  -> (artifact id: '1694b8f0ad30e2d309c81b9428a10cfa') in 0.036060 seconds 
  Import took 0.044618 seconds .

========================================================================
Received Import Request.
  Time since last request: 0.000285 seconds.
  path: Assets/Materials/RobotRampage_Shotgun-Material__RobotRampage_Bot_Texture_psd.mat
  artifactKey: Guid(8232899ac3aaf4198b1e86d144850240) Importer(815301076,1909f56bfc062723c751e8b465ee728b)
Start importing Assets/Materials/RobotRampage_Shotgun-Material__RobotRampage_Bot_Texture_psd.mat using Guid(8232899ac3aaf4198b1e86d144850240) Importer(815301076,1909f56bfc062723c751e8b465ee728b)  -> (artifact id: 'd5fc530792a6b896b48d4c4d2128e09b') in 0.044257 seconds 
  Import took 0.049622 seconds .

========================================================================
Received Import Request.
  Time since last request: 0.000306 seconds.
  path: Assets/Resources/PickupAmmoAssaultRifle.prefab
  artifactKey: Guid(9f832004461f1284d9d497e0fae5093f) Importer(815301076,1909f56bfc062723c751e8b465ee728b)
Start importing Assets/Resources/PickupAmmoAssaultRifle.prefab using Guid(9f832004461f1284d9d497e0fae5093f) Importer(815301076,1909f56bfc062723c751e8b465ee728b)  -> (artifact id: '7ffbf73fcbd22c173c655697c1606535') in 0.039490 seconds 
  Import took 0.044316 seconds .

========================================================================
Received Import Request.
  Time since last request: 0.000376 seconds.
  path: Assets/Materials/Ornage.mat
  artifactKey: Guid(356a8929d7e3d674597b4897189467e5) Importer(815301076,1909f56bfc062723c751e8b465ee728b)
Start importing Assets/Materials/Ornage.mat using Guid(356a8929d7e3d674597b4897189467e5) Importer(815301076,1909f56bfc062723c751e8b465ee728b)  -> (artifact id: 'd405ad5c95e1d5590baa65f5d1babcdd') in 0.033166 seconds 
  Import took 0.038348 seconds .

========================================================================
Received Import Request.
  Time since last request: 9.967633 seconds.
  path: Assets/Scenes/Battle.unity
  artifactKey: Guid(464b33b06798b824a9895be2793890b1) Importer(815301076,1909f56bfc062723c751e8b465ee728b)
Start importing Assets/Scenes/Battle.unity using Guid(464b33b06798b824a9895be2793890b1) Importer(815301076,1909f56bfc062723c751e8b465ee728b)  -> (artifact id: '8e08f628aa7bb29281665d664cea22e3') in 0.011104 seconds 
  Import took 0.016000 seconds .

========================================================================
Received Import Request.
  Time since last request: 0.017980 seconds.
  path: Assets/Scenes/Battle.unity
  artifactKey: Guid(464b33b06798b824a9895be2793890b1) Importer(815301076,1909f56bfc062723c751e8b465ee728b)
Start importing Assets/Scenes/Battle.unity using Guid(464b33b06798b824a9895be2793890b1) Importer(815301076,1909f56bfc062723c751e8b465ee728b)  -> (artifact id: '8e08f628aa7bb29281665d664cea22e3') in 0.006176 seconds 
  Import took 0.012957 seconds .

========================================================================
Received Import Request.
  Time since last request: 20.398256 seconds.
  path: Assets/Photon/PhotonUnityNetworking/UtilityScripts
  artifactKey: Guid(5c9485e879b69bf48bbc3ea64a71dbb2) Importer(815301076,1909f56bfc062723c751e8b465ee728b)
Start importing Assets/Photon/PhotonUnityNetworking/UtilityScripts using Guid(5c9485e879b69bf48bbc3ea64a71dbb2) Importer(815301076,1909f56bfc062723c751e8b465ee728b)  -> (artifact id: '5b8ac9f92e1dca6779e836d60bbba64d') in 0.012858 seconds 
  Import took 0.019465 seconds .

========================================================================
Received Import Request.
  Time since last request: 4.101272 seconds.
  path: Assets/Photon/PhotonUnityNetworking/Code
  artifactKey: Guid(9a312e4dbb5268d4e859200f68478e0c) Importer(815301076,1909f56bfc062723c751e8b465ee728b)
Start importing Assets/Photon/PhotonUnityNetworking/Code using Guid(9a312e4dbb5268d4e859200f68478e0c) Importer(815301076,1909f56bfc062723c751e8b465ee728b)  -> (artifact id: '9bcf700072193c3880a76420d900d598') in 0.013843 seconds 
  Import took 0.018572 seconds .

========================================================================
Received Import Request.
  Time since last request: 0.098533 seconds.
  path: Assets/Photon/PhotonUnityNetworking/Code/PhotonUnityNetworking.asmdef
  artifactKey: Guid(57c32fc907df0f54e8e6e8f0d2488336) Importer(815301076,1909f56bfc062723c751e8b465ee728b)
Start importing Assets/Photon/PhotonUnityNetworking/Code/PhotonUnityNetworking.asmdef using Guid(57c32fc907df0f54e8e6e8f0d2488336) Importer(815301076,1909f56bfc062723c751e8b465ee728b)  -> (artifact id: '2d277f423e933b8dafed955df4b0b537') in 0.011616 seconds 
  Import took 0.016266 seconds .

========================================================================
Received Import Request.
  Time since last request: 213.519499 seconds.
  path: Assets/Ground.mat
  artifactKey: Guid(142e589b0db054510acb8c6dacc1fd2c) Importer(815301076,1909f56bfc062723c751e8b465ee728b)
Start importing Assets/Ground.mat using Guid(142e589b0db054510acb8c6dacc1fd2c) Importer(815301076,1909f56bfc062723c751e8b465ee728b)  -> (artifact id: '7fefc6b319ef9a81a5fdbef015ab3a63') in 0.026869 seconds 
  Import took 0.031892 seconds .

========================================================================
Received Import Request.
  Time since last request: 0.000615 seconds.
  path: Assets/Smoke.mat
  artifactKey: Guid(9fcbe14d93cc146179952fee7750e337) Importer(815301076,1909f56bfc062723c751e8b465ee728b)
Start importing Assets/Smoke.mat using Guid(9fcbe14d93cc146179952fee7750e337) Importer(815301076,1909f56bfc062723c751e8b465ee728b)  -> (artifact id: '56ef7f6f36d5ced25d87681ca7e599b0') in 0.034939 seconds 
  Import took 0.039184 seconds .

========================================================================
Received Import Request.
  Time since last request: 2.538269 seconds.
  path: Assets/Photon
  artifactKey: Guid(98951132346795f438babe7a3183da43) Importer(815301076,1909f56bfc062723c751e8b465ee728b)
Start importing Assets/Photon using Guid(98951132346795f438babe7a3183da43) Importer(815301076,1909f56bfc062723c751e8b465ee728b)  -> (artifact id: 'f1844fb2484027392bdeedc942fd0b90') in 0.017229 seconds 
  Import took 0.021622 seconds .

========================================================================
Received Import Request.
  Time since last request: 1.343523 seconds.
  path: Assets/Photon/PhotonNetworking-Documentation.chm
  artifactKey: Guid(6923098d409554f57bedd5a4fa66e3ad) Importer(815301076,1909f56bfc062723c751e8b465ee728b)
Start importing Assets/Photon/PhotonNetworking-Documentation.chm using Guid(6923098d409554f57bedd5a4fa66e3ad) Importer(815301076,1909f56bfc062723c751e8b465ee728b)  -> (artifact id: '55d610f8989b87287cf7fa9d92c7d820') in 0.019455 seconds 
  Import took 0.026260 seconds .

========================================================================
Received Import Request.
  Time since last request: 204.369661 seconds.
  path: Assets/Photon/PhotonUnityNetworking/Resources/PhotonServerSettings.asset
  artifactKey: Guid(6033d810972f3df47b57f48ed83aaa3e) Importer(815301076,1909f56bfc062723c751e8b465ee728b)
Start importing Assets/Photon/PhotonUnityNetworking/Resources/PhotonServerSettings.asset using Guid(6033d810972f3df47b57f48ed83aaa3e) Importer(815301076,1909f56bfc062723c751e8b465ee728b)  -> (artifact id: '6d019e5362ff9521f5f98b64fbface56') in 0.013249 seconds 
  Import took 0.018200 seconds .

========================================================================
Received Import Request.
  Time since last request: 0.028360 seconds.
  path: Assets/Photon/PhotonUnityNetworking/Resources/PhotonServerSettings.asset
  artifactKey: Guid(6033d810972f3df47b57f48ed83aaa3e) Importer(815301076,1909f56bfc062723c751e8b465ee728b)
Start importing Assets/Photon/PhotonUnityNetworking/Resources/PhotonServerSettings.asset using Guid(6033d810972f3df47b57f48ed83aaa3e) Importer(815301076,1909f56bfc062723c751e8b465ee728b)  -> (artifact id: '6d019e5362ff9521f5f98b64fbface56') in 0.005274 seconds 
  Import took 0.010851 seconds .

