Using pre-set license
Built from '2020.3/release' branch; Version is '2020.3.15f2 (6cf78cb77498) revision 7141260'; Using compiler version '192528614'; Build Type 'Release'
OS: 'Windows 10 Home; OS build 19043.1348; Version 2009; 64bit' Language: 'en' Physical Memory: 16257 MB
BatchMode: 1, IsHumanControllingUs: 0, StartBugReporterOnCrash: 0, Is64bit: 1, IsPro: 0

 COMMAND LINE ARGUMENTS:
C:\Program Files\Unity\Hub\Editor\2020.3.15f2\Editor\Unity.exe
-adb2
-batchMode
-noUpm
-name
AssetImportWorker0
-projectPath
C:/Users/steve/Desktop/SLC semester 3/Game 312 - Game Engines/Lab02-RobotRampage
-logFile
Logs/AssetImportWorker0.log
-srvPort
63363
Successfully changed project path to: C:/Users/steve/Desktop/SLC semester 3/Game 312 - Game Engines/Lab02-RobotRampage
C:/Users/steve/Desktop/SLC semester 3/Game 312 - Game Engines/Lab02-RobotRampage
Using Asset Import Pipeline V2.
Refreshing native plugins compatible for Editor in 74.45 ms, found 2 plugins.
Preloading 0 native plugins for Editor in 0.00 ms.
Initialize engine version: 2020.3.15f2 (6cf78cb77498)
[Subsystems] Discovering subsystems at path C:/Program Files/Unity/Hub/Editor/2020.3.15f2/Editor/Data/Resources/UnitySubsystems
[Subsystems] Discovering subsystems at path C:/Users/steve/Desktop/SLC semester 3/Game 312 - Game Engines/Lab02-RobotRampage/Assets
GfxDevice: creating device client; threaded=0
Direct3D:
    Version:  Direct3D 11.0 [level 11.1]
    Renderer: Intel(R) HD Graphics 520 (ID=0x1916)
    Vendor:   
    VRAM:     8128 MB
    Driver:   21.20.16.4534
Initialize mono
Mono path[0] = 'C:/Program Files/Unity/Hub/Editor/2020.3.15f2/Editor/Data/Managed'
Mono path[1] = 'C:/Program Files/Unity/Hub/Editor/2020.3.15f2/Editor/Data/MonoBleedingEdge/lib/mono/unityjit'
Mono config path = 'C:/Program Files/Unity/Hub/Editor/2020.3.15f2/Editor/Data/MonoBleedingEdge/etc'
Using monoOptions --debugger-agent=transport=dt_socket,embedding=1,server=y,suspend=n,address=127.0.0.1:56348
Begin MonoManager ReloadAssembly
Registering precompiled unity dll's ...
Register platform support module: C:/Program Files/Unity/Hub/Editor/2020.3.15f2/Editor/Data/PlaybackEngines/WindowsStandaloneSupport/UnityEditor.WindowsStandalone.Extensions.dll
Registered in 0.003839 seconds.
Native extension for WindowsStandalone target not found
Refreshing native plugins compatible for Editor in 63.55 ms, found 2 plugins.
Preloading 0 native plugins for Editor in 0.00 ms.
Mono: successfully reloaded assembly
- Completed reload, in  2.279 seconds
Domain Reload Profiling:
	ReloadAssembly (2279ms)
		BeginReloadAssembly (124ms)
			ExecutionOrderSort (0ms)
			DisableScriptedObjects (0ms)
			BackupInstance (0ms)
			ReleaseScriptingObjects (0ms)
			CreateAndSetChildDomain (2ms)
		EndReloadAssembly (777ms)
			LoadAssemblies (119ms)
			RebuildTransferFunctionScriptingTraits (0ms)
			SetupTypeCache (282ms)
			ReleaseScriptCaches (0ms)
			RebuildScriptCaches (52ms)
			SetupLoadedEditorAssemblies (318ms)
				LogAssemblyErrors (0ms)
				InitializePlatformSupportModulesInManaged (7ms)
				SetLoadedEditorAssemblies (0ms)
				RefreshPlugins (64ms)
				BeforeProcessingInitializeOnLoad (18ms)
				ProcessInitializeOnLoadAttributes (174ms)
				ProcessInitializeOnLoadMethodAttributes (54ms)
				AfterProcessingInitializeOnLoad (0ms)
				EditorAssembliesLoaded (0ms)
			ExecutionOrderSort2 (0ms)
			AwakeInstancesAfterBackupRestoration (0ms)
Platform modules already initialized, skipping
Registering precompiled user dll's ...
Registered in 0.013788 seconds.
Begin MonoManager ReloadAssembly
Native extension for WindowsStandalone target not found
Refreshing native plugins compatible for Editor in 0.51 ms, found 2 plugins.
Preloading 0 native plugins for Editor in 0.00 ms.
Mono: successfully reloaded assembly
- Completed reload, in  2.234 seconds
Domain Reload Profiling:
	ReloadAssembly (2235ms)
		BeginReloadAssembly (287ms)
			ExecutionOrderSort (0ms)
			DisableScriptedObjects (10ms)
			BackupInstance (0ms)
			ReleaseScriptingObjects (0ms)
			CreateAndSetChildDomain (31ms)
		EndReloadAssembly (1822ms)
			LoadAssemblies (179ms)
			RebuildTransferFunctionScriptingTraits (0ms)
			SetupTypeCache (563ms)
			ReleaseScriptCaches (0ms)
			RebuildScriptCaches (106ms)
			SetupLoadedEditorAssemblies (763ms)
				LogAssemblyErrors (0ms)
				InitializePlatformSupportModulesInManaged (10ms)
				SetLoadedEditorAssemblies (1ms)
				RefreshPlugins (1ms)
				BeforeProcessingInitializeOnLoad (187ms)
				ProcessInitializeOnLoadAttributes (542ms)
				ProcessInitializeOnLoadMethodAttributes (9ms)
				AfterProcessingInitializeOnLoad (12ms)
				EditorAssembliesLoaded (1ms)
			ExecutionOrderSort2 (0ms)
			AwakeInstancesAfterBackupRestoration (13ms)
Platform modules already initialized, skipping
========================================================================
Worker process is ready to serve import requests
Launched and connected shader compiler UnityShaderCompiler.exe after 0.13 seconds
Refreshing native plugins compatible for Editor in 2.39 ms, found 2 plugins.
Preloading 0 native plugins for Editor in 0.00 ms.
Unloading 1679 Unused Serialized files (Serialized files now loaded: 0)
System memory in use before: 75.2 MB.
System memory in use after: 75.3 MB.

Unloading 24 unused Assets to reduce memory usage. Loaded Objects now: 2110.
Total: 2.963100 ms (FindLiveObjects: 0.262100 ms CreateObjectMapping: 0.099800 ms MarkObjects: 2.510300 ms  DeleteObjects: 0.089300 ms)

AssetImportParameters requested are different than current active one (requested -> active):
  custom:framework-win-MediaFoundation: 216162199b28c13a410421893ffa2e32 -> 
  custom:video-decoder-ogg-theora: a1e56fd34408186e4bbccfd4996cb3dc -> 
  custom:container-muxer-webm: aa71ff27fc2769a1b78a27578f13a17b -> 
  custom:container-demuxer-webm: 4f35f7cbe854078d1ac9338744f61a02 -> 
  custom:container-demuxer-ogg: 62fdf1f143b41e24485cea50d1cbac27 -> 
  custom:video-encoder-webm-vp8: eb34c28f22e8b96e1ab97ce403110664 -> 
  custom:video-codec-MediaFoundation-h265: 746d11721c4dcdbdad8f713fa42b33f4 -> 
  custom:video-decoder-webm-vp8: 9c59270c3fd7afecdb556c50c9e8de78 -> 
  custom:audio-decoder-ogg-vorbis: bf7c407c2cedff20999df2af8eb42d56 -> 
  custom:audio-encoder-webm-vorbis: bf7c407c2cedff20999df2af8eb42d56 -> 
========================================================================
Received Import Request.
  path: Assets/Photon/PhotonUnityNetworking/Resources/PhotonServerSettings.asset
  artifactKey: Guid(6033d810972f3df47b57f48ed83aaa3e) Importer(815301076,1909f56bfc062723c751e8b465ee728b)
Start importing Assets/Photon/PhotonUnityNetworking/Resources/PhotonServerSettings.asset using Guid(6033d810972f3df47b57f48ed83aaa3e) Importer(815301076,1909f56bfc062723c751e8b465ee728b)  -> (artifact id: '699cb497ca4f60d355eb42bb4b4b0a38') in 0.133206 seconds 
  Import took 0.137316 seconds .

========================================================================
Received Import Request.
  Time since last request: 192.827600 seconds.
  path: Assets/Photon/PhotonRealtime
  artifactKey: Guid(b54c221855bde4a4ba511877e7b6b904) Importer(815301076,1909f56bfc062723c751e8b465ee728b)
Start importing Assets/Photon/PhotonRealtime using Guid(b54c221855bde4a4ba511877e7b6b904) Importer(815301076,1909f56bfc062723c751e8b465ee728b)  -> (artifact id: 'a6667b0e99c7ed6c6d62b7c43a320b95') in 0.024528 seconds 
  Import took 0.032921 seconds .

========================================================================
Received Import Request.
  Time since last request: 0.000894 seconds.
  path: Assets/Photon/PhotonRealtime
  artifactKey: Guid(b54c221855bde4a4ba511877e7b6b904) Importer(815301076,1909f56bfc062723c751e8b465ee728b)
Start importing Assets/Photon/PhotonRealtime using Guid(b54c221855bde4a4ba511877e7b6b904) Importer(815301076,1909f56bfc062723c751e8b465ee728b)  -> (artifact id: 'a6667b0e99c7ed6c6d62b7c43a320b95') in 0.008015 seconds 
  Import took 0.015032 seconds .

========================================================================
Received Import Request.
  Time since last request: 9.191728 seconds.
  path: Assets/Photon/PhotonNetworking-Documentation.pdf
  artifactKey: Guid(c285a840e88d74462a18710772dc4bfb) Importer(815301076,1909f56bfc062723c751e8b465ee728b)
Start importing Assets/Photon/PhotonNetworking-Documentation.pdf using Guid(c285a840e88d74462a18710772dc4bfb) Importer(815301076,1909f56bfc062723c751e8b465ee728b)  -> (artifact id: '05ac4b2b7c4d57e47c58fd763a6d01bc') in 0.032794 seconds 
  Import took 0.041874 seconds .

========================================================================
Received Import Request.
  Time since last request: 261.859663 seconds.
  path: Assets/Photon/PhotonChat
  artifactKey: Guid(ea05e6479d592944d955c2a5e1a6d6f1) Importer(815301076,1909f56bfc062723c751e8b465ee728b)
Start importing Assets/Photon/PhotonChat using Guid(ea05e6479d592944d955c2a5e1a6d6f1) Importer(815301076,1909f56bfc062723c751e8b465ee728b)  -> (artifact id: '422ec55f01fdc951764d75002a71c492') in 0.022448 seconds 
  Import took 0.030283 seconds .

========================================================================
Received Import Request.
  Time since last request: 2.398361 seconds.
  path: Assets/Photon/PhotonChat/Code/PhotonChat.asmdef
  artifactKey: Guid(08a110bd598f7604f9519c2d7e1fb3cc) Importer(815301076,1909f56bfc062723c751e8b465ee728b)
Start importing Assets/Photon/PhotonChat/Code/PhotonChat.asmdef using Guid(08a110bd598f7604f9519c2d7e1fb3cc) Importer(815301076,1909f56bfc062723c751e8b465ee728b)  -> (artifact id: '2f7da820bc12c7b7aa1146d3888bf55b') in 0.019827 seconds 
  Import took 0.027957 seconds .

========================================================================
Received Import Request.
  Time since last request: 0.000120 seconds.
  path: Assets/Photon/PhotonChat/Code
  artifactKey: Guid(af83a98aaa4f7b64eb7fcec95ee7b1ed) Importer(815301076,1909f56bfc062723c751e8b465ee728b)
Start importing Assets/Photon/PhotonChat/Code using Guid(af83a98aaa4f7b64eb7fcec95ee7b1ed) Importer(815301076,1909f56bfc062723c751e8b465ee728b)  -> (artifact id: 'a5f30277efdc2e71a9b0dacc5f386308') in 0.044320 seconds 
  Import took 0.049561 seconds .

========================================================================
Received Import Request.
  Time since last request: 3.595058 seconds.
  path: Assets/Photon/PhotonChat/Demos
  artifactKey: Guid(801c62f7d03cb463ba20067deb330234) Importer(815301076,1909f56bfc062723c751e8b465ee728b)
Start importing Assets/Photon/PhotonChat/Demos using Guid(801c62f7d03cb463ba20067deb330234) Importer(815301076,1909f56bfc062723c751e8b465ee728b)  -> (artifact id: 'f4225419c26fb886fdd51851669eeb01') in 0.021136 seconds 
  Import took 0.028921 seconds .

========================================================================
Received Import Request.
  Time since last request: 3.752413 seconds.
  path: Assets/Photon/PhotonChat/Demos/DemoChat
  artifactKey: Guid(4e3a46219ebf94310a9f347733f88f31) Importer(815301076,1909f56bfc062723c751e8b465ee728b)
Start importing Assets/Photon/PhotonChat/Demos/DemoChat using Guid(4e3a46219ebf94310a9f347733f88f31) Importer(815301076,1909f56bfc062723c751e8b465ee728b)  -> (artifact id: '543be28d4f6b3c3beb10cdd69f5045e0') in 0.021301 seconds 
  Import took 0.026500 seconds .

========================================================================
Received Import Request.
  Time since last request: 0.003663 seconds.
  path: Assets/Photon/PhotonChat/Demos/DemoChat
  artifactKey: Guid(4e3a46219ebf94310a9f347733f88f31) Importer(815301076,1909f56bfc062723c751e8b465ee728b)
Start importing Assets/Photon/PhotonChat/Demos/DemoChat using Guid(4e3a46219ebf94310a9f347733f88f31) Importer(815301076,1909f56bfc062723c751e8b465ee728b)  -> (artifact id: '543be28d4f6b3c3beb10cdd69f5045e0') in 0.007706 seconds 
  Import took 0.019216 seconds .

========================================================================
Received Import Request.
  Time since last request: 6.944617 seconds.
  path: Assets/Photon/PhotonChat/Demos/DemoChat/DemoChat-Scene.unity
  artifactKey: Guid(ec07267f6a28fb044ac89845274e79af) Importer(815301076,1909f56bfc062723c751e8b465ee728b)
Start importing Assets/Photon/PhotonChat/Demos/DemoChat/DemoChat-Scene.unity using Guid(ec07267f6a28fb044ac89845274e79af) Importer(815301076,1909f56bfc062723c751e8b465ee728b)  -> (artifact id: 'ed6aefe10a88a6787c93f57b5adbccf5') in 0.033163 seconds 
  Import took 0.038851 seconds .

========================================================================
Received Prepare
Registering precompiled user dll's ...
Registered in 0.019534 seconds.
Begin MonoManager ReloadAssembly
Native extension for WindowsStandalone target not found
Refreshing native plugins compatible for Editor in 0.72 ms, found 2 plugins.
Preloading 0 native plugins for Editor in 0.00 ms.
Mono: successfully reloaded assembly
- Completed reload, in  2.168 seconds
Domain Reload Profiling:
	ReloadAssembly (2168ms)
		BeginReloadAssembly (212ms)
			ExecutionOrderSort (0ms)
			DisableScriptedObjects (11ms)
			BackupInstance (0ms)
			ReleaseScriptingObjects (0ms)
			CreateAndSetChildDomain (65ms)
		EndReloadAssembly (1737ms)
			LoadAssemblies (209ms)
			RebuildTransferFunctionScriptingTraits (0ms)
			SetupTypeCache (551ms)
			ReleaseScriptCaches (1ms)
			RebuildScriptCaches (80ms)
			SetupLoadedEditorAssemblies (714ms)
				LogAssemblyErrors (0ms)
				InitializePlatformSupportModulesInManaged (10ms)
				SetLoadedEditorAssemblies (1ms)
				RefreshPlugins (1ms)
				BeforeProcessingInitializeOnLoad (183ms)
				ProcessInitializeOnLoadAttributes (496ms)
				ProcessInitializeOnLoadMethodAttributes (9ms)
				AfterProcessingInitializeOnLoad (14ms)
				EditorAssembliesLoaded (0ms)
			ExecutionOrderSort2 (0ms)
			AwakeInstancesAfterBackupRestoration (12ms)
Platform modules already initialized, skipping
Refreshing native plugins compatible for Editor in 1.67 ms, found 2 plugins.
Preloading 0 native plugins for Editor in 0.00 ms.
Unloading 1672 Unused Serialized files (Serialized files now loaded: 0)
System memory in use before: 74.9 MB.
System memory in use after: 75.0 MB.

Unloading 18 unused Assets to reduce memory usage. Loaded Objects now: 2114.
Total: 2.785600 ms (FindLiveObjects: 0.237700 ms CreateObjectMapping: 0.102600 ms MarkObjects: 2.399400 ms  DeleteObjects: 0.044100 ms)

AssetImportParameters requested are different than current active one (requested -> active):
  custom:framework-win-MediaFoundation: 216162199b28c13a410421893ffa2e32 -> 
  custom:video-decoder-ogg-theora: a1e56fd34408186e4bbccfd4996cb3dc -> 
  custom:container-muxer-webm: aa71ff27fc2769a1b78a27578f13a17b -> 
  custom:container-demuxer-webm: 4f35f7cbe854078d1ac9338744f61a02 -> 
  custom:container-demuxer-ogg: 62fdf1f143b41e24485cea50d1cbac27 -> 
  custom:video-encoder-webm-vp8: eb34c28f22e8b96e1ab97ce403110664 -> 
  custom:video-codec-MediaFoundation-h265: 746d11721c4dcdbdad8f713fa42b33f4 -> 
  custom:video-decoder-webm-vp8: 9c59270c3fd7afecdb556c50c9e8de78 -> 
  custom:audio-decoder-ogg-vorbis: bf7c407c2cedff20999df2af8eb42d56 -> 
  custom:audio-encoder-webm-vorbis: bf7c407c2cedff20999df2af8eb42d56 -> 
AssetImportWorkerClient::OnTransportError - code=2 error=End of file
